<?xml version="1.0" encoding="UTF-8"?>
<testsuite xmlns:xsi="http://www.w3.org/2001/XMLSchema-instance" xsi:noNamespaceSchemaLocation="https://maven.apache.org/surefire/maven-surefire-plugin/xsd/surefire-test-report-3.0.xsd" version="3.0" name="top.feli.wlt.WltApplicationTests" time="3.998" tests="1" errors="0" skipped="0" failures="0">
  <properties>
[...]
</properties>
  <testcase name="contextLoads" classname="top.feli.wlt.WltApplicationTests" time="1.313">
    <system-out><![CDATA[07:19:01.651 [main] INFO org.springframework.test.context.support.AnnotationConfigContextLoaderUtils -- Could not detect default configuration classes for test class [top.feli.wlt.WltApplicationTests]: WltApplicationTests does not declare any static, non-private, non-final, nested classes annotated with @Configuration.
07:19:01.792 [main] INFO org.springframework.boot.test.context.SpringBootTestContextBootstrapper -- Found @SpringBootConfiguration top.feli.wlt.WltApplication for test class top.feli.wlt.WltApplicationTests

  .   ____          _            __ _ _
 /\\ / ___'_ __ _ _(_)_ __  __ _ \ \ \ \
( ( )\___ | '_ | '_| | '_ \/ _` | \ \ \ \
 \\/  ___)| |_)| | | | | || (_| |  ) ) ) )
  '  |____| .__|_| |_|_| |_\__, | / / / /
 =========|_|==============|___/=/_/_/_/
 :: Spring Boot ::       (v3.1.7-SNAPSHOT)

2024-05-24T07:19:02.432+08:00  INFO 21408 --- [           main] top.feli.wlt.WltApplicationTests         : Starting WltApplicationTests using Java 17.0.6 with PID 21408 (started by 29704 in D:\program\File-Server)
2024-05-24T07:19:02.434+08:00  INFO 21408 --- [           main] top.feli.wlt.WltApplicationTests         : No active profile set, falling back to 1 default profile: "default"
2024-05-24T07:19:04.107+08:00  INFO 21408 --- [           main] top.feli.wlt.WltApplicationTests         : Started WltApplicationTests in 1.998 seconds (process running for 3.266)
]]></system-out>
  </testcase>
</testsuite>